f:\documents\onedrive - staffordshire university\university work\advanced games engine creation\opengl_sdl base project\opengl_sdl base project\debug\vc140.pdb
f:\documents\onedrive - staffordshire university\university work\advanced games engine creation\opengl_sdl base project\opengl_sdl base project\debug\vc140.idb
f:\documents\onedrive - staffordshire university\university work\advanced games engine creation\opengl_sdl base project\opengl_sdl base project\debug\appearance.obj
f:\documents\onedrive - staffordshire university\university work\advanced games engine creation\opengl_sdl base project\opengl_sdl base project\debug\camera.obj
f:\documents\onedrive - staffordshire university\university work\advanced games engine creation\opengl_sdl base project\opengl_sdl base project\debug\character.obj
f:\documents\onedrive - staffordshire university\university work\advanced games engine creation\opengl_sdl base project\opengl_sdl base project\debug\collision.obj
f:\documents\onedrive - staffordshire university\university work\advanced games engine creation\opengl_sdl base project\opengl_sdl base project\debug\gamescreen.obj
f:\documents\onedrive - staffordshire university\university work\advanced games engine creation\opengl_sdl base project\opengl_sdl base project\debug\gamescreenlevel1.obj
f:\documents\onedrive - staffordshire university\university work\advanced games engine creation\opengl_sdl base project\opengl_sdl base project\debug\gamescreenmanager.obj
f:\documents\onedrive - staffordshire university\university work\advanced games engine creation\opengl_sdl base project\opengl_sdl base project\debug\gameobject.obj
f:\documents\onedrive - staffordshire university\university work\advanced games engine creation\opengl_sdl base project\opengl_sdl base project\debug\gamescreenmenu.obj
f:\documents\onedrive - staffordshire university\university work\advanced games engine creation\opengl_sdl base project\opengl_sdl base project\debug\objloader.obj
f:\documents\onedrive - staffordshire university\university work\advanced games engine creation\opengl_sdl base project\opengl_sdl base project\debug\particlemodel.obj
f:\documents\onedrive - staffordshire university\university work\advanced games engine creation\opengl_sdl base project\opengl_sdl base project\debug\playercontroller.obj
f:\documents\onedrive - staffordshire university\university work\advanced games engine creation\opengl_sdl base project\opengl_sdl base project\debug\scenenode.obj
f:\documents\onedrive - staffordshire university\university work\advanced games engine creation\opengl_sdl base project\opengl_sdl base project\debug\soundeffects.obj
f:\documents\onedrive - staffordshire university\university work\advanced games engine creation\opengl_sdl base project\opengl_sdl base project\debug\source.obj
f:\documents\onedrive - staffordshire university\university work\advanced games engine creation\opengl_sdl base project\opengl_sdl base project\debug\textrender.obj
f:\documents\onedrive - staffordshire university\university work\advanced games engine creation\opengl_sdl base project\opengl_sdl base project\debug\texture2d.obj
f:\documents\onedrive - staffordshire university\university work\advanced games engine creation\opengl_sdl base project\opengl_sdl base project\debug\transform.obj
f:\documents\onedrive - staffordshire university\university work\advanced games engine creation\opengl_sdl base project\opengl_sdl base project\debug\vector.obj
f:\documents\onedrive - staffordshire university\university work\advanced games engine creation\opengl_sdl base project\opengl_sdl base project\debug\3dsloader.obj
f:\documents\onedrive - staffordshire university\university work\advanced games engine creation\opengl_sdl base project\opengl_sdl base project\debug\aistatemachine.obj
f:\documents\onedrive - staffordshire university\university work\advanced games engine creation\opengl_sdl base project\opengl_sdl base project\debug\opengl_s.9314caf6.tlog\cl.command.1.tlog
f:\documents\onedrive - staffordshire university\university work\advanced games engine creation\opengl_sdl base project\opengl_sdl base project\debug\opengl_s.9314caf6.tlog\cl.read.1.tlog
f:\documents\onedrive - staffordshire university\university work\advanced games engine creation\opengl_sdl base project\opengl_sdl base project\debug\opengl_s.9314caf6.tlog\cl.write.1.tlog
